<?xml version="1.0" encoding="UTF-8"?>
<!-- Generated by org.testng.reporters.JUnitReportReporter -->
<testsuite hostname="LAPTOP-8FDBD6IT" failures="0" tests="2" name="testNG.test.LoginTest" time="0.008" errors="0" timestamp="2023-01-10T09:48:33 IST" skipped="0">
  <testcase classname="testNG.test.LoginTest" name="username" time="0.001"/>
  <system-out/>
  <testcase classname="testNG.test.LoginTest" name="password" time="0.007"/>
  <system-out/>
</testsuite> <!-- testNG.test.LoginTest -->
