<?xml version="1.0" encoding="UTF-8"?>
<!-- Generated by org.testng.reporters.JUnitReportReporter -->
<testsuite hostname="LAPTOP-8FDBD6IT" failures="0" tests="3" name="testNG.test.HomeTest" time="0.011" errors="0" timestamp="2023-01-10T09:48:47 IST" skipped="0">
  <testcase classname="testNG.test.HomeTest" name="addToCart" time="0.007"/>
  <system-out/>
  <testcase classname="testNG.test.HomeTest" name="verifySearchbar" time="0.002"/>
  <system-out/>
  <testcase classname="testNG.test.HomeTest" name="login" time="0.002"/>
  <system-out/>
</testsuite> <!-- testNG.test.HomeTest -->
