<?xml version="1.0" encoding="UTF-8"?>
<!-- Generated by org.testng.reporters.JUnitReportReporter -->
<testsuite hostname="LAPTOP-8FDBD6IT" failures="0" tests="2" name="demoTestNG.test.HomePageTest" time="0.018" errors="0" timestamp="2023-01-12T11:13:28 IST" skipped="0">
  <testcase classname="demoTestNG.test.HomePageTest" name="cartTest" time="0.009"/>
  <system-out/>
  <testcase classname="demoTestNG.test.HomePageTest" name="HomeTest" time="0.009"/>
  <system-out/>
</testsuite> <!-- demoTestNG.test.HomePageTest -->
