<?xml version="1.0" encoding="UTF-8"?>
<!-- Generated by org.testng.reporters.JUnitReportReporter -->
<testsuite hostname="LAPTOP-8FDBD6IT" failures="0" tests="2" name="demoTestNG.test.ParametersDemo" time="0.011" errors="0" timestamp="2023-01-11T10:41:21 IST" skipped="0">
  <testcase classname="demoTestNG.test.ParametersDemo" name="setLanguage" time="0.004"/>
  <system-out/>
  <testcase classname="demoTestNG.test.ParametersDemo" name="editProfile" time="0.007"/>
  <system-out/>
</testsuite> <!-- demoTestNG.test.ParametersDemo -->
