<?xml version="1.0" encoding="UTF-8"?>
<!-- Generated by org.testng.reporters.JUnitReportReporter -->
<testsuite hostname="LAPTOP-8FDBD6IT" failures="0" tests="1" name="demoTestNG.test.ProjectDemo" time="4.721" errors="0" timestamp="2023-01-11T20:38:15 IST" skipped="0">
  <testcase classname="demoTestNG.test.ProjectDemo" name="testcase1" time="4.721"/>
  <system-out/>
</testsuite> <!-- demoTestNG.test.ProjectDemo -->
