<?xml version="1.0" encoding="UTF-8"?>
<!-- Generated by org.testng.reporters.JUnitReportReporter -->
<testsuite hostname="LAPTOP-8FDBD6IT" failures="0" tests="1" name="demoTestNG.test.AllAnnotations" time="0.013" errors="0" timestamp="2023-01-11T20:22:14 IST" skipped="0">
  <testcase classname="demoTestNG.test.AllAnnotations" name="testCase2" time="0.013"/>
  <system-out/>
</testsuite> <!-- demoTestNG.test.AllAnnotations -->
