<?xml version="1.0" encoding="UTF-8"?>
<!-- Generated by org.testng.reporters.JUnitReportReporter -->
<testsuite hostname="LAPTOP-8FDBD6IT" failures="0" tests="3" name="demoTestNG.test2.PaymentsTest" time="0.004" errors="0" timestamp="2023-01-10T10:46:12 IST" skipped="0">
  <testcase classname="demoTestNG.test2.PaymentsTest" name="upiPayment" time="0.001"/>
  <system-out/>
  <testcase classname="demoTestNG.test2.PaymentsTest" name="creditCardPayment" time="0.002"/>
  <system-out/>
  <testcase classname="demoTestNG.test2.PaymentsTest" name="netBanking" time="0.001"/>
  <system-out/>
</testsuite> <!-- demoTestNG.test2.PaymentsTest -->
